<?xml version="1.0" encoding="UTF-8"?>
<testsuites name="jest tests" tests="4" failures="0" errors="0" time="12.763">
  <testsuite name="Login Tests" errors="0" failures="0" skipped="0" timestamp="2024-10-29T07:54:26" time="6.244" tests="2">
    <testcase classname="Login Tests Should login successfully with valid USER credentials" name="Login Tests Should login successfully with valid USER credentials" time="0.735">
    </testcase>
    <testcase classname="Login Tests Should login successfully with valid ADMIN credentials" name="Login Tests Should login successfully with valid ADMIN credentials" time="0.717">
    </testcase>
  </testsuite>
  <testsuite name="Login Tests" errors="0" failures="0" skipped="0" timestamp="2024-10-29T07:54:32" time="6.289" tests="2">
    <testcase classname="Login Tests Should login successfully with valid USER credentials" name="Login Tests Should login successfully with valid USER credentials" time="0.633">
    </testcase>
    <testcase classname="Login Tests Should login successfully with valid ADMIN credentials" name="Login Tests Should login successfully with valid ADMIN credentials" time="0.594">
    </testcase>
  </testsuite>
</testsuites>